<?xml version="1.0" encoding="UTF-8"?>
<testsuite xmlns:xsi="http://www.w3.org/2001/XMLSchema-instance" xsi:noNamespaceSchemaLocation="https://maven.apache.org/surefire/maven-surefire-plugin/xsd/surefire-test-report.xsd" name="com.jshu.AppTest" time="0.025" tests="1" errors="0" skipped="0" failures="0">
  <properties>
    <property name="sun.desktop" value="windows"/>
    <property name="awt.toolkit" value="sun.awt.windows.WToolkit"/>
    <property name="file.encoding.pkg" value="sun.io"/>
    <property name="java.specification.version" value="1.8"/>
    <property name="sun.cpu.isalist" value="amd64"/>
    <property name="sun.jnu.encoding" value="GBK"/>
    <property name="java.class.path" value="E:\IDEACsdn\Git\GitTest01\target\test-classes;E:\IDEACsdn\Git\GitTest01\target\classes;E:\apache-maven-3.6.0\maven_workspaces\junit\junit\4.11\junit-4.11.jar;E:\apache-maven-3.6.0\maven_workspaces\org\hamcrest\hamcrest-core\1.3\hamcrest-core-1.3.jar;"/>
    <property name="java.vm.vendor" value="Oracle Corporation"/>
    <property name="sun.arch.data.model" value="64"/>
    <property name="user.variant" value=""/>
    <property name="java.vendor.url" value="http://java.oracle.com/"/>
    <property name="user.timezone" value="Asia/Shanghai"/>
    <property name="java.vm.specification.version" value="1.8"/>
    <property name="os.name" value="Windows 10"/>
    <property name="user.country" value="CN"/>
    <property name="sun.java.launcher" value="SUN_STANDARD"/>
    <property name="sun.boot.library.path" value="E:\jdk\jdk1.8.0_77\jdk1.8.0_77\jre\bin"/>
    <property name="sun.java.command" value="C:\Users\86156\AppData\Local\Temp\surefire9179892635044869329\surefirebooter1505830918335540264.jar C:\Users\86156\AppData\Local\Temp\surefire9179892635044869329 2022-04-11T22-34-09_129-jvmRun1 surefire6099024036161639431tmp surefire_07359547675062663107tmp"/>
    <property name="surefire.test.class.path" value="E:\IDEACsdn\Git\GitTest01\target\test-classes;E:\IDEACsdn\Git\GitTest01\target\classes;E:\apache-maven-3.6.0\maven_workspaces\junit\junit\4.11\junit-4.11.jar;E:\apache-maven-3.6.0\maven_workspaces\org\hamcrest\hamcrest-core\1.3\hamcrest-core-1.3.jar;"/>
    <property name="sun.cpu.endian" value="little"/>
    <property name="user.home" value="C:\Users\86156"/>
    <property name="user.language" value="zh"/>
    <property name="java.specification.vendor" value="Oracle Corporation"/>
    <property name="java.home" value="E:\jdk\jdk1.8.0_77\jdk1.8.0_77\jre"/>
    <property name="basedir" value="E:\IDEACsdn\Git\GitTest01"/>
    <property name="file.separator" value="\"/>
    <property name="line.separator" value="&#10;"/>
    <property name="java.vm.specification.vendor" value="Oracle Corporation"/>
    <property name="java.specification.name" value="Java Platform API Specification"/>
    <property name="java.awt.graphicsenv" value="sun.awt.Win32GraphicsEnvironment"/>
    <property name="surefire.real.class.path" value="C:\Users\86156\AppData\Local\Temp\surefire9179892635044869329\surefirebooter1505830918335540264.jar"/>
    <property name="sun.boot.class.path" value="E:\jdk\jdk1.8.0_77\jdk1.8.0_77\jre\lib\resources.jar;E:\jdk\jdk1.8.0_77\jdk1.8.0_77\jre\lib\rt.jar;E:\jdk\jdk1.8.0_77\jdk1.8.0_77\jre\lib\sunrsasign.jar;E:\jdk\jdk1.8.0_77\jdk1.8.0_77\jre\lib\jsse.jar;E:\jdk\jdk1.8.0_77\jdk1.8.0_77\jre\lib\jce.jar;E:\jdk\jdk1.8.0_77\jdk1.8.0_77\jre\lib\charsets.jar;E:\jdk\jdk1.8.0_77\jdk1.8.0_77\jre\lib\jfr.jar;E:\jdk\jdk1.8.0_77\jdk1.8.0_77\jre\classes"/>
    <property name="user.script" value=""/>
    <property name="sun.management.compiler" value="HotSpot 64-Bit Tiered Compilers"/>
    <property name="java.runtime.version" value="1.8.0_77-b03"/>
    <property name="user.name" value="86156"/>
    <property name="path.separator" value=";"/>
    <property name="os.version" value="10.0"/>
    <property name="java.endorsed.dirs" value="E:\jdk\jdk1.8.0_77\jdk1.8.0_77\jre\lib\endorsed"/>
    <property name="java.runtime.name" value="Java(TM) SE Runtime Environment"/>
    <property name="file.encoding" value="GBK"/>
    <property name="java.vm.name" value="Java HotSpot(TM) 64-Bit Server VM"/>
    <property name="localRepository" value="E:\apache-maven-3.6.0\maven_workspaces"/>
    <property name="java.vendor.url.bug" value="http://bugreport.sun.com/bugreport/"/>
    <property name="java.io.tmpdir" value="C:\Users\86156\AppData\Local\Temp\"/>
    <property name="idea.version" value="2021.2.1"/>
    <property name="java.version" value="1.8.0_77"/>
    <property name="user.dir" value="E:\IDEACsdn\Git\GitTest01"/>
    <property name="os.arch" value="amd64"/>
    <property name="java.vm.specification.name" value="Java Virtual Machine Specification"/>
    <property name="java.awt.printerjob" value="sun.awt.windows.WPrinterJob"/>
    <property name="sun.os.patch.level" value=""/>
    <property name="java.library.path" value="E:\jdk\jdk1.8.0_77\jdk1.8.0_77\jre\bin;C:\WINDOWS\Sun\Java\bin;C:\WINDOWS\system32;C:\WINDOWS;F:\VMware\VMware Workstation\bin\;E:\WINDOWS.X64_193000_db_home\bin;C:\Windows\system32;C:\Windows;C:\Windows\System32\Wbem;C:\Windows\System32\WindowsPowerShell\v1.0\;C:\Windows\System32\OpenSSH\;C:\Program Files (x86)\NVIDIA Corporation\PhysX\Common;C:\Program Files\NVIDIA Corporation\NVIDIA NvDLISR;E:\jdk\jdk1.8.0_77\jdk1.8.0_77\bin;E:\jdk\jdk1.8.0_77\jdk1.8.0_77\jre\bin;C:\WINDOWS\system32;C:\WINDOWS;C:\WINDOWS\System32\Wbem;C:\WINDOWS\System32\WindowsPowerShell\v1.0\;C:\WINDOWS\System32\OpenSSH\;E:\apache-maven-3.6.0\apache-maven-3.6.0\bin;E:\gradle-7.2-all\bin;F:\NetSarang\Xshell7\;F:\NetSarang\Xftp7\;E:\Git\cmd;C:\Users\86156\AppData\Local\Microsoft\WindowsApps;C:\Users\86156\AppData\Local\GitHubDesktop\bin;C:\Users\86156\AppData\Local\Pandoc\;."/>
    <property name="java.vm.info" value="mixed mode"/>
    <property name="java.vendor" value="Oracle Corporation"/>
    <property name="java.vm.version" value="25.77-b03"/>
    <property name="java.ext.dirs" value="E:\jdk\jdk1.8.0_77\jdk1.8.0_77\jre\lib\ext;C:\WINDOWS\Sun\Java\lib\ext"/>
    <property name="sun.io.unicode.encoding" value="UnicodeLittle"/>
    <property name="java.class.version" value="52.0"/>
  </properties>
  <testcase name="shouldAnswerWithTrue" classname="com.jshu.AppTest" time="0.001"/>
</testsuite>